2025-02-24 15:28:21,847 - DEBUG - /etc/localtime found
2025-02-24 15:28:21,848 - DEBUG - 1 found:
 {'/etc/localtime is a symlink to': 'Europe/Moscow'}
2025-02-24 15:28:21,849 - INFO - Adding job tentatively -- it will be properly scheduled when the scheduler starts
2025-02-24 15:28:21,849 - INFO - Added job "notify_new_items" to job store "default"
2025-02-24 15:28:21,849 - INFO - Scheduler started
2025-02-24 15:28:21,849 - INFO - Start polling.
2025-02-24 15:28:21,849 - DEBUG - Make request: "deleteWebhook" with data: "{}" and files "None"
2025-02-24 15:28:21,850 - DEBUG - Looking for jobs to run
2025-02-24 15:28:21,850 - DEBUG - Next wakeup is due at 2025-02-24 15:30:21.849179+03:00 (in 119.998967 seconds)
2025-02-24 15:28:22,014 - DEBUG - Response for deleteWebhook: [200] "'{"ok":true,"result":true,"description":"Webhook is already deleted"}'"
2025-02-24 15:28:22,015 - DEBUG - Make request: "getUpdates" with data: "{'timeout': 20}" and files "None"
2025-02-24 15:28:42,072 - DEBUG - Response for getUpdates: [200] "'{"ok":true,"result":[]}'"
2025-02-24 15:28:42,178 - DEBUG - Make request: "getUpdates" with data: "{'timeout': 20}" and files "None"
2025-02-24 15:29:02,294 - DEBUG - Response for getUpdates: [200] "'{"ok":true,"result":[]}'"
2025-02-24 15:29:02,397 - DEBUG - Make request: "getUpdates" with data: "{'timeout': 20}" and files "None"
2025-02-24 15:29:22,465 - DEBUG - Response for getUpdates: [200] "'{"ok":true,"result":[]}'"
2025-02-24 15:29:22,569 - DEBUG - Make request: "getUpdates" with data: "{'timeout': 20}" and files "None"
2025-02-24 15:29:42,629 - DEBUG - Response for getUpdates: [200] "'{"ok":true,"result":[]}'"
2025-02-24 15:29:42,733 - DEBUG - Make request: "getUpdates" with data: "{'timeout': 20}" and files "None"
2025-02-24 15:30:02,795 - DEBUG - Response for getUpdates: [200] "'{"ok":true,"result":[]}'"
2025-02-24 15:30:02,898 - DEBUG - Make request: "getUpdates" with data: "{'timeout': 20}" and files "None"
2025-02-24 15:30:21,854 - DEBUG - Looking for jobs to run
2025-02-24 15:30:21,858 - DEBUG - Next wakeup is due at 2025-02-24 15:32:21.849179+03:00 (in 119.990934 seconds)
2025-02-24 15:30:21,859 - INFO - Running job "notify_new_items (trigger: interval[0:02:00], next run at: 2025-02-24 15:32:21 MSK)" (scheduled at 2025-02-24 15:30:21.849179+03:00)
2025-02-24 15:30:21,898 - DEBUG - Starting new HTTPS connection (1): sc-tech-solutions.itsm.mos.ru:443
2025-02-24 15:30:21,961 - DEBUG - https://sc-tech-solutions.itsm.mos.ru:443 "GET /inbox HTTP/1.1" 302 109
2025-02-24 15:30:22,035 - DEBUG - https://sc-tech-solutions.itsm.mos.ru:443 "GET /login HTTP/1.1" 200 None
2025-02-24 15:30:22,045 - DEBUG - Make request: "sendMessage" with data: "{'chat_id': 225529144, 'text': LogoutException('Требуется обновить креды'), 'parse_mode': 'html'}" and files "None"
2025-02-24 15:30:22,429 - DEBUG - Response for sendMessage: [200] "'{"ok":true,"result":{"message_id":74,"from":{"id":7967969403,"is_bot":true,"first_name":"4meparser","username":"me4parser_bot"},"chat":{"id":225529144,"first_name":"I","username":"igor_just_igor","type":"private"},"date":1740400222,"text":"\\u0422\\u0440\\u0435\\u0431\\u0443\\u0435\\u0442\\u0441\\u044f \\u043e\\u0431\\u043d\\u043e\\u0432\\u0438\\u0442\\u044c \\u043a\\u0440\\u0435\\u0434\\u044b"}}'"
2025-02-24 15:30:22,431 - INFO - Job "notify_new_items (trigger: interval[0:02:00], next run at: 2025-02-24 15:32:21 MSK)" executed successfully
2025-02-24 15:30:22,982 - DEBUG - Response for getUpdates: [200] "'{"ok":true,"result":[]}'"
2025-02-24 15:30:23,084 - DEBUG - Make request: "getUpdates" with data: "{'timeout': 20}" and files "None"
2025-02-24 15:30:43,157 - DEBUG - Response for getUpdates: [200] "'{"ok":true,"result":[]}'"
2025-02-24 15:30:43,259 - DEBUG - Make request: "getUpdates" with data: "{'timeout': 20}" and files "None"
2025-02-24 15:30:59,354 - WARNING - Polling is stopped.
